[debug] [2026-04-21T20:15:44.573Z] ----------------------------------------------------------------------
[debug] [2026-04-21T20:15:44.575Z] Command:       C:\Program Files\nodejs\node.exe C:\Users\ZhaoN2273\AppData\Roaming\npm\node_modules\firebase-tools\lib\bin\firebase.js init
[debug] [2026-04-21T20:15:44.576Z] CLI Version:   15.15.0
[debug] [2026-04-21T20:15:44.576Z] Platform:      win32
[debug] [2026-04-21T20:15:44.576Z] Node Version:  v22.13.1
[debug] [2026-04-21T20:15:44.576Z] Time:          Tue Apr 21 2026 13:15:44 GMT-0700 (Pacific Daylight Time)
[debug] [2026-04-21T20:15:44.576Z] ----------------------------------------------------------------------
[debug] 
[info] 
     ######## #### ########  ######## ########     ###     ######  ########
     ##        ##  ##     ## ##       ##     ##  ##   ##  ##       ##
     ######    ##  ########  ######   ########  #########  ######  ######
     ##        ##  ##    ##  ##       ##     ## ##     ##       ## ##
     ##       #### ##     ## ######## ########  ##     ##  ######  ########

You're about to initialize a Firebase project in this directory:

  C:\ee\ee-app

Before we get started, keep in mind:

  * You are currently outside your home directory

[info] 
=== Project Setup
[info] 
[info] First, let's associate this project directory with a Firebase project.
[info] You can create multiple project aliases by running firebase use --add, 
[info] 
[debug] [2026-04-21T20:16:50.348Z] > command requires scopes: ["email","openid","https://www.googleapis.com/auth/cloudplatformprojects.readonly","https://www.googleapis.com/auth/firebase","https://www.googleapis.com/auth/cloud-platform"]
[debug] [2026-04-21T20:16:50.348Z] > authorizing via signed-in user (lejiawang0603@gmail.com)
[debug] [2026-04-21T20:16:50.350Z] Checked if tokens are valid: true, expires at: 1776806113120
[debug] [2026-04-21T20:16:50.350Z] Checked if tokens are valid: true, expires at: 1776806113120
[debug] [2026-04-21T20:16:50.351Z] >>> [apiv2][query] GET https://firebase.googleapis.com/v1beta1/projects pageSize=100
[debug] [2026-04-21T20:16:50.819Z] <<< [apiv2][status] GET https://firebase.googleapis.com/v1beta1/projects 200
[debug] [2026-04-21T20:16:50.819Z] <<< [apiv2][body] GET https://firebase.googleapis.com/v1beta1/projects [omitted]
[debug] [2026-04-21T20:18:05.364Z] ExitPromptError: User force closed the prompt with SIGINT
    at Interface.sigint (C:\Users\ZhaoN2273\AppData\Roaming\npm\node_modules\firebase-tools\node_modules\@inquirer\core\dist\commonjs\lib\create-prompt.js:101:37)
    at Interface.emit (node:events:524:28)
    at [_ttyWrite] [as _ttyWrite] (node:internal/readline/interface:1124:18)
    at ReadStream.onkeypress (node:internal/readline/interface:263:20)
    at ReadStream.emit (node:events:536:35)
    at emitKeys (node:internal/readline/utils:370:14)
    at emitKeys.next (<anonymous>)
    at ReadStream.onData (node:internal/readline/emitKeypressEvents:64:36)
    at ReadStream.emit (node:events:524:28)
    at addChunk (node:internal/streams/readable:561:12)
[error] 
[error] Error: An unexpected error has occurred.
